<?xml version="1.0" encoding="UTF-8"?>
<!-- Generated by org.testng.reporters.JUnitXMLReporter -->
<testsuite ignored="0" hostname="FYNXTLAPIND018" failures="1" tests="4" name="PetTests" time="10.711" errors="0" timestamp="2024-08-06T20:42:37 IST">
  <testcase classname="api.test.UserTests2" name="testPostUser" time="4.745"/>
  <testcase classname="api.test.UserTests2" name="testGetUserByName" time="1.036"/>
  <testcase classname="api.test.UserTests2" name="testUpdateUserByName" time="1.995">
    <failure type="java.lang.AssertionError" message="expected [200] but found [404]">
      <![CDATA[java.lang.AssertionError: expected [200] but found [404]
at api.test.UserTests2.testUpdateUserByName(UserTests2.java:88)
at java.base/java.util.ArrayList.forEach(ArrayList.java:1596)
... Removed 31 stack frames]]>
    </failure>
  </testcase> <!-- testUpdateUserByName -->
  <testcase classname="api.test.UserTests2" name="testDeleteUserByName" time="1.066"/>
</testsuite> <!-- PetTests -->
